2026-06-30 15:09:57 [main] INFO  c.p.agency.AgencyBankingApplication - Starting AgencyBankingApplication using Java 17.0.12 with PID 24384 (C:\Users\hp\Documents\png-agency-banking\target\classes started by hp in C:\Users\hp\Documents\png-agency-banking)
2026-06-30 15:09:57 [main] DEBUG c.p.agency.AgencyBankingApplication - Running with Spring Boot v3.3.4, Spring v6.1.13
2026-06-30 15:09:57 [main] INFO  c.p.agency.AgencyBankingApplication - No active profile set, falling back to 1 default profile: "default"
2026-06-30 15:09:57 [main] INFO  o.s.d.r.c.RepositoryConfigurationDelegate - Bootstrapping Spring Data JPA repositories in DEFAULT mode.
2026-06-30 15:09:57 [main] INFO  o.s.d.r.c.RepositoryConfigurationDelegate - Finished Spring Data repository scanning in 42 ms. Found 12 JPA repository interfaces.
2026-06-30 15:09:58 [main] INFO  o.s.b.w.e.tomcat.TomcatWebServer - Tomcat initialized with port 8080 (http)
2026-06-30 15:09:58 [main] INFO  o.a.catalina.core.StandardService - Starting service [Tomcat]
2026-06-30 15:09:58 [main] INFO  o.a.catalina.core.StandardEngine - Starting Servlet engine: [Apache Tomcat/10.1.30]
2026-06-30 15:09:58 [main] INFO  o.a.c.c.C.[Tomcat].[localhost].[/] - Initializing Spring embedded WebApplicationContext
2026-06-30 15:09:58 [main] INFO  o.s.b.w.s.c.ServletWebServerApplicationContext - Root WebApplicationContext: initialization completed in 976 ms
2026-06-30 15:09:58 [main] DEBUG c.p.agency.config.ApiKeyAuthFilter - Filter 'apiKeyAuthFilter' configured for use
2026-06-30 15:09:58 [main] DEBUG c.p.agency.config.UserContextFilter - Filter 'userContextFilter' configured for use
2026-06-30 15:09:58 [main] INFO  com.zaxxer.hikari.HikariDataSource - HikariPool-1 - Starting...
2026-06-30 15:09:58 [main] INFO  com.zaxxer.hikari.pool.HikariPool - HikariPool-1 - Added connection org.postgresql.jdbc.PgConnection@3e98b933
2026-06-30 15:09:58 [main] INFO  com.zaxxer.hikari.HikariDataSource - HikariPool-1 - Start completed.
2026-06-30 15:09:58 [main] INFO  org.flywaydb.core.FlywayExecutor - Database: jdbc:postgresql://localhost:5432/png_agency_banking (PostgreSQL 16.14)
2026-06-30 15:09:58 [main] INFO  o.f.core.internal.command.DbValidate - Successfully validated 5 migrations (execution time 00:00.025s)
2026-06-30 15:09:58 [main] INFO  o.f.core.internal.command.DbMigrate - Current version of schema "public": 5
2026-06-30 15:09:58 [main] INFO  o.f.core.internal.command.DbMigrate - Schema "public" is up to date. No migration necessary.
2026-06-30 15:09:58 [main] INFO  o.h.jpa.internal.util.LogHelper - HHH000204: Processing PersistenceUnitInfo [name: default]
2026-06-30 15:09:58 [main] INFO  org.hibernate.Version - HHH000412: Hibernate ORM core version 6.5.3.Final
2026-06-30 15:09:58 [main] INFO  o.h.c.i.RegionFactoryInitiator - HHH000026: Second-level cache disabled
2026-06-30 15:09:58 [main] INFO  o.s.o.j.p.SpringPersistenceUnitInfo - No LoadTimeWeaver setup: ignoring JPA class transformer
2026-06-30 15:09:58 [main] WARN  org.hibernate.orm.deprecation - HHH90000025: PostgreSQLDialect does not need to be specified explicitly using 'hibernate.dialect' (remove the property setting and it will be selected by default)
2026-06-30 15:09:59 [main] INFO  o.h.e.t.j.p.i.JtaPlatformInitiator - HHH000489: No JTA platform available (set 'hibernate.transaction.jta.platform' to enable JTA platform integration)
2026-06-30 15:09:59 [main] INFO  o.s.o.j.LocalContainerEntityManagerFactoryBean - Initialized JPA EntityManagerFactory for persistence unit 'default'
2026-06-30 15:09:59 [main] INFO  o.s.d.j.r.query.QueryEnhancerFactory - Hibernate is in classpath; If applicable, HQL parser will be used.
2026-06-30 15:10:00 [main] INFO  o.s.b.a.e.web.EndpointLinksResolver - Exposing 1 endpoint beneath base path '/actuator'
2026-06-30 15:10:00 [main] INFO  o.s.b.w.e.tomcat.TomcatWebServer - Tomcat started on port 8080 (http) with context path '/'
2026-06-30 15:10:00 [main] INFO  c.p.agency.AgencyBankingApplication - Started AgencyBankingApplication in 3.701 seconds (process running for 3.891)
2026-06-30 15:10:39 [http-nio-8080-exec-1] INFO  o.a.c.c.C.[Tomcat].[localhost].[/] - Initializing Spring DispatcherServlet 'dispatcherServlet'
2026-06-30 15:10:39 [http-nio-8080-exec-1] INFO  o.s.web.servlet.DispatcherServlet - Initializing Servlet 'dispatcherServlet'
2026-06-30 15:10:39 [http-nio-8080-exec-1] INFO  o.s.web.servlet.DispatcherServlet - Completed initialization in 0 ms
2026-06-30 15:25:14 [HikariPool-1 housekeeper] WARN  com.zaxxer.hikari.pool.HikariPool - HikariPool-1 - Thread starvation or clock leap detected (housekeeper delta=2m45s579ms526µs600ns).
